2026.04.05 17:27:02 INFO  Started: Metals version 1.6.6 in folders 'D:\Desktop\Match\MATCH\OverMatch' for client Trae 1.107.1.
2026.04.05 17:27:02 INFO  Memory monitor started
2026.04.05 17:27:04 WARN  Using H2 2.4.240 which is newer than the version Flyway has been verified with. The latest verified version of H2 is 2.3.232.
2026.04.05 17:27:06 INFO  Attempting to connect to the build server...
2026.04.05 17:27:06 INFO  Found a Bloop server running
2026.04.05 17:27:07 INFO  tracing is disabled for protocol BSP, to enable tracing of incoming and outgoing JSON messages create an empty file at D:\Desktop\Match\MATCH\OverMatch\.metals\bsp.trace.json or C:\Users\Ŕ¶Ý®\AppData\Local\scalameta\metals\cache\bsp.trace.json
2026.04.05 17:27:07 INFO  time: Connected to build server in 1.38s
2026.04.05 17:27:07 INFO  Connected to Build server: Bloop v2.0.19
2026.04.05 17:27:08 INFO  Empty build targets. Expected at least one build target identifier. (full report at: "D:\Desktop\Match\MATCH\OverMatch\.metals\.reports\bloop\2026-04-04\r_Empty build targets...._15-11-16-744.md")
2026.04.05 17:27:08 INFO  Empty build targets. Expected at least one build target identifier. (full report at: "D:\Desktop\Match\MATCH\OverMatch\.metals\.reports\bloop\2026-04-04\r_Empty build targets...._15-11-16-744.md")
2026.04.05 17:27:08 INFO  Empty build targets. Expected at least one build target identifier. (full report at: "D:\Desktop\Match\MATCH\OverMatch\.metals\.reports\bloop\2026-04-04\r_Empty build targets...._15-11-16-744.md")
2026.04.05 17:27:08 INFO  Empty build targets. Expected at least one build target identifier. (full report at: "D:\Desktop\Match\MATCH\OverMatch\.metals\.reports\bloop\2026-04-04\r_Empty build targets...._15-11-16-744.md")
2026.04.05 17:27:08 INFO  Empty build targets. Expected at least one build target identifier. (full report at: "D:\Desktop\Match\MATCH\OverMatch\.metals\.reports\bloop\2026-04-04\r_Empty build targets...._15-11-16-744.md")
2026.04.05 17:27:08 INFO  time: Imported build in 0.4s
2026.04.05 17:27:12 WARN  Using H2 2.4.240 which is newer than the version Flyway has been verified with. The latest verified version of H2 is 2.3.232.
2026.04.05 17:27:12 INFO  time: indexed workspace in 4.03s
2026.04.05 17:27:12 WARN  no build target for: D:\Desktop\Match\MATCH\OverMatch\test_hash.scala
2026.04.05 17:27:12 WARN  no build target for: D:\Desktop\Match\MATCH\OverMatch\src\main\scala\org\example\tasks\Task16_RealtimeAlerts.scala
2026.04.05 17:27:12 WARN  no build target for: D:\Desktop\Match\MATCH\OverMatch\main\scala\com\shtd\ml\DeviceRULPrediction.scala
2026.04.05 17:27:12 WARN  no build target for: D:\Desktop\Match\MATCH\OverMatch\src\main\scala\org\example\tasks\RealtimeEngine.scala
2026.04.05 17:27:12 WARN  no build target for: D:\Desktop\Match\MATCH\OverMatch\main\scala\com\shtd\ml\FaultProbabilityModel.scala
2026.04.05 17:27:12 WARN  no build target for: D:\Desktop\Match\MATCH\OverMatch\src\main\scala\org\example\tasks\FlinkRulInference.scala
2026.04.05 17:27:12 WARN  no build target for: D:\Desktop\Match\MATCH\OverMatch\src\main\scala\org\example\tasks\TestReadHudiMOR.scala
2026.04.05 17:27:12 WARN  no build target for: D:\Desktop\Match\MATCH\OverMatch\src\main\scala\org\example\tasks\TestPredict2.scala
2026.04.05 17:27:12 WARN  no build target for: D:\Desktop\Match\MATCH\OverMatch\src\main\scala\org\example\tasks\TestPredict.scala
2026.04.05 17:27:12 WARN  no build target for: D:\Desktop\Match\MATCH\OverMatch\main\scala\com\shtd\ml\DeviceRULPrediction.scala
2026.04.05 17:27:12 WARN  no build target for: D:\Desktop\Match\MATCH\OverMatch\test_hash.scala
2026.04.05 17:27:12 WARN  no build target for: D:\Desktop\Match\MATCH\OverMatch\src\main\scala\org\example\tasks\TestReadHudiMOR.scala
2026.04.05 17:27:12 WARN  no build target for: D:\Desktop\Match\MATCH\OverMatch\src\main\scala\org\example\tasks\RealtimeEngine.scala
2026.04.05 17:27:12 WARN  no build target for: D:\Desktop\Match\MATCH\OverMatch\src\main\scala\org\example\tasks\FlinkRulInference.scala
2026.04.05 17:27:12 WARN  no build target for: D:\Desktop\Match\MATCH\OverMatch\src\main\scala\org\example\tasks\TestPredict2.scala
2026.04.05 17:27:12 WARN  no build target for: D:\Desktop\Match\MATCH\OverMatch\src\main\scala\org\example\tasks\TestPredict.scala
2026.04.05 17:27:12 WARN  no build target for: D:\Desktop\Match\MATCH\OverMatch\main\scala\com\shtd\ml\FaultProbabilityModel.scala
2026.04.05 17:27:12 WARN  no build target for: D:\Desktop\Match\MATCH\OverMatch\src\main\scala\org\example\tasks\Task16_RealtimeAlerts.scala
2026.04.05 17:27:12 INFO  no build target found for D:\Desktop\Match\MATCH\OverMatch\src\main\scala\org\example\tasks\Task16_RealtimeAlerts.scala. Using presentation compiler with project's scala-library version: 3.3.7
2026.04.05 17:27:17 INFO  no build target found for D:\Desktop\Match\MATCH\OverMatch\src\main\scala\org\example\tasks\FlinkRulInference.scala. Using presentation compiler with project's scala-library version: 3.3.7
2026.04.05 17:27:17 INFO  no build target found for D:\Desktop\Match\MATCH\OverMatch\src\main\scala\org\example\tasks\RealtimeEngine.scala. Using presentation compiler with project's scala-library version: 3.3.7
2026.04.05 17:27:18 INFO  no build target found for D:\Desktop\Match\MATCH\OverMatch\main\scala\com\shtd\ml\FaultProbabilityModel.scala. Using presentation compiler with project's scala-library version: 3.3.7
2026.04.05 17:27:18 INFO  no build target found for D:\Desktop\Match\MATCH\OverMatch\main\scala\com\shtd\ml\DeviceRULPrediction.scala. Using presentation compiler with project's scala-library version: 3.3.7
2026.04.05 17:27:18 INFO  no build target found for D:\Desktop\Match\MATCH\OverMatch\src\main\scala\org\example\tasks\TestPredict.scala. Using presentation compiler with project's scala-library version: 3.3.7
2026.04.05 17:27:19 INFO  no build target found for D:\Desktop\Match\MATCH\OverMatch\src\main\scala\org\example\tasks\TestPredict2.scala. Using presentation compiler with project's scala-library version: 3.3.7
2026.04.05 17:27:19 INFO  no build target found for D:\Desktop\Match\MATCH\OverMatch\test_hash.scala. Using presentation compiler with project's scala-library version: 3.3.7
2026.04.05 17:27:19 INFO  no build target found for D:\Desktop\Match\MATCH\OverMatch\src\main\scala\org\example\tasks\TestReadHudiMOR.scala. Using presentation compiler with project's scala-library version: 3.3.7
2026.04.05 17:29:23 INFO  Shutting down server
2026.04.05 17:29:23 INFO  Memory monitor stopped
2026.04.05 17:29:23 INFO  shutting down Metals
2026.04.05 17:29:23 INFO  Shut down connection with build server.
2026.04.05 17:29:24 INFO  Exiting server
